<?xml version="1.0" encoding="UTF-8"?>
<testng-results ignored="0" total="2" passed="2" failed="0" skipped="0">
  <reporter-output>
  </reporter-output>
  <suite started-at="2023-09-25T12:09:46 IST" name="LambaTestSuite" finished-at="2023-09-25T12:10:23 IST" duration-ms="36282">
    <groups>
    </groups>
    <test started-at="2023-09-25T12:09:46 IST" name="WIN10TEST" finished-at="2023-09-25T12:10:11 IST" duration-ms="24713">
      <class name="lambdaTest_Automation.LambdaTestAutomationAssessment">
        <test-method is-config="true" signature="configValueFromXLM(org.testng.ITestContext)[pri:0, instance:lambdaTest_Automation.LambdaTestAutomationAssessment@6253c26]" started-at="2023-09-25T12:09:46 IST" name="configValueFromXLM" finished-at="2023-09-25T12:09:46 IST" duration-ms="10" status="PASS">
          <params>
            <param index="0">
              <value>
                <![CDATA[org.testng.TestRunner@268f106e]]>
              </value>
            </param>
          </params>
          <reporter-output>
          </reporter-output>
        </test-method> <!-- configValueFromXLM -->
        <test-method signature="testSimple()[pri:0, instance:lambdaTest_Automation.LambdaTestAutomationAssessment@6253c26]" started-at="2023-09-25T12:09:46 IST" name="testSimple" finished-at="2023-09-25T12:10:08 IST" duration-ms="21911" status="PASS">
          <reporter-output>
          </reporter-output>
        </test-method> <!-- testSimple -->
        <test-method is-config="true" signature="tearDown()[pri:0, instance:lambdaTest_Automation.LambdaTestAutomationAssessment@6253c26]" started-at="2023-09-25T12:10:08 IST" name="tearDown" finished-at="2023-09-25T12:10:11 IST" duration-ms="2767" status="PASS">
          <reporter-output>
          </reporter-output>
        </test-method> <!-- tearDown -->
      </class> <!-- lambdaTest_Automation.LambdaTestAutomationAssessment -->
    </test> <!-- WIN10TEST -->
    <test started-at="2023-09-25T12:09:46 IST" name="MACTEST" finished-at="2023-09-25T12:10:23 IST" duration-ms="36282">
      <class name="lambdaTest_Automation.LambdaTestAutomationAssessment">
        <test-method is-config="true" signature="configValueFromXLM(org.testng.ITestContext)[pri:0, instance:lambdaTest_Automation.LambdaTestAutomationAssessment@229c6181]" started-at="2023-09-25T12:09:46 IST" name="configValueFromXLM" finished-at="2023-09-25T12:09:46 IST" duration-ms="10" status="PASS">
          <params>
            <param index="0">
              <value>
                <![CDATA[org.testng.TestRunner@6e9a5ed8]]>
              </value>
            </param>
          </params>
          <reporter-output>
          </reporter-output>
        </test-method> <!-- configValueFromXLM -->
        <test-method signature="testSimple()[pri:0, instance:lambdaTest_Automation.LambdaTestAutomationAssessment@229c6181]" started-at="2023-09-25T12:09:46 IST" name="testSimple" finished-at="2023-09-25T12:10:20 IST" duration-ms="33994" status="PASS">
          <reporter-output>
          </reporter-output>
        </test-method> <!-- testSimple -->
        <test-method is-config="true" signature="tearDown()[pri:0, instance:lambdaTest_Automation.LambdaTestAutomationAssessment@229c6181]" started-at="2023-09-25T12:10:20 IST" name="tearDown" finished-at="2023-09-25T12:10:23 IST" duration-ms="2255" status="PASS">
          <reporter-output>
          </reporter-output>
        </test-method> <!-- tearDown -->
      </class> <!-- lambdaTest_Automation.LambdaTestAutomationAssessment -->
    </test> <!-- MACTEST -->
  </suite> <!-- LambaTestSuite -->
</testng-results>
